<?xml version="1.0" encoding="UTF-8"?>
<!-- Generated by org.testng.reporters.JUnitXMLReporter -->
<testsuite hostname="user-PC" name="Test" tests="3" failures="0" timestamp="10 Nov 2015 09:40:30 GMT" time="19.792" errors="0">
  <testcase name="oneMoreTest" time="0.03" classname="wetravelto_selenium.TestNgMavenSecondClass"/>
  <testcase name="exampleOfTestNgMaven" time="0.0" classname="wetravelto_selenium.TestNgMavenExampleTest"/>
  <testcase name="findBrokenLinksTest" time="0.002" classname="wetravelto_selenium.LP_verify_title_Test"/>
</testsuite> <!-- Test -->
