<?xml version="1.0" encoding="UTF-8"?>
<!-- Generated by org.testng.reporters.JUnitXMLReporter -->
<testsuite hostname="user-PC" name="Test" tests="3" failures="0" timestamp="6 Dec 2015 18:21:53 GMT" time="20.625" errors="0">
  <testcase name="findBrokenLinksTest" time="0.002" classname="wetravelto_selenium.LP_verify_title_Test"/>
  <testcase name="oneMoreTest" time="0.001" classname="wetravelto_selenium.TestNgMavenSecondClass"/>
  <testcase name="exampleOfTestNgMaven" time="0.0" classname="wetravelto_selenium.TestNgMavenExampleTest"/>
</testsuite> <!-- Test -->
